mode: atomic
task-system/internal/infrastructure/repository/user/user.repository.go:15.53,17.2 1 0
task-system/internal/infrastructure/repository/user/user.repository.go:19.85,30.25 3 0
task-system/internal/infrastructure/repository/user/user.repository.go:30.25,32.3 1 0
task-system/internal/infrastructure/repository/user/user.repository.go:34.2,34.12 1 0
task-system/internal/infrastructure/repository/user/user.repository.go:37.113,42.25 3 0
task-system/internal/infrastructure/repository/user/user.repository.go:42.25,43.45 1 0
task-system/internal/infrastructure/repository/user/user.repository.go:43.45,45.4 1 0
task-system/internal/infrastructure/repository/user/user.repository.go:46.3,46.27 1 0
task-system/internal/infrastructure/repository/user/user.repository.go:49.2,49.28 1 0
task-system/internal/infrastructure/repository/user/user.repository.go:52.115,57.25 3 0
task-system/internal/infrastructure/repository/user/user.repository.go:57.25,58.45 1 0
task-system/internal/infrastructure/repository/user/user.repository.go:58.45,60.4 1 0
task-system/internal/infrastructure/repository/user/user.repository.go:61.3,61.27 1 0
task-system/internal/infrastructure/repository/user/user.repository.go:64.2,64.28 1 0
task-system/internal/application/app.go:31.35,44.16 4 0
task-system/internal/application/app.go:44.16,46.3 1 0
task-system/internal/application/app.go:48.2,50.16 2 0
task-system/internal/application/app.go:50.16,52.3 1 0
task-system/internal/application/app.go:54.2,64.12 6 0
task-system/internal/application/app.go:67.29,73.2 2 0
task-system/internal/application/app.go:75.109,91.2 7 0
task-system/internal/application/app.go:93.69,101.2 3 0
task-system/internal/application/app.go:103.42,105.16 2 0
task-system/internal/application/app.go:105.16,107.3 1 0
task-system/internal/application/app.go:109.2,109.12 1 0
task-system/internal/application/app.go:112.42,114.16 2 0
task-system/internal/application/app.go:114.16,116.3 1 0
task-system/internal/application/app.go:118.2,118.12 1 0
task-system/internal/application/app.go:121.39,124.16 2 0
task-system/internal/application/app.go:124.16,126.3 1 0
task-system/internal/application/app.go:128.2,130.16 2 0
task-system/internal/application/app.go:130.16,132.3 1 0
task-system/internal/application/app.go:134.2,134.12 1 0
task-system/internal/domain/entities/task.entity.go:22.9,31.2 2 0
task-system/internal/domain/entities/user.entity.go:18.9,27.2 2 0
task-system/internal/infrastructure/repository/task/task.repository.go:16.53,18.2 1 0
task-system/internal/infrastructure/repository/task/task.repository.go:20.85,31.25 3 0
task-system/internal/infrastructure/repository/task/task.repository.go:31.25,33.3 1 0
task-system/internal/infrastructure/repository/task/task.repository.go:35.2,35.12 1 0
task-system/internal/infrastructure/repository/task/task.repository.go:38.105,44.31 4 0
task-system/internal/infrastructure/repository/task/task.repository.go:44.31,45.24 1 0
task-system/internal/infrastructure/repository/task/task.repository.go:45.24,47.4 1 0
task-system/internal/infrastructure/repository/task/task.repository.go:49.3,49.51 1 0
task-system/internal/infrastructure/repository/task/task.repository.go:52.2,52.27 1 0
task-system/internal/infrastructure/repository/task/task.repository.go:52.27,53.24 1 0
task-system/internal/infrastructure/repository/task/task.repository.go:53.24,55.4 1 0
task-system/internal/infrastructure/repository/task/task.repository.go:57.3,57.25 1 0
task-system/internal/infrastructure/repository/task/task.repository.go:57.25,59.4 1 0
task-system/internal/infrastructure/repository/task/task.repository.go:62.2,64.25 2 0
task-system/internal/infrastructure/repository/task/task.repository.go:64.25,65.45 1 0
task-system/internal/infrastructure/repository/task/task.repository.go:65.45,67.4 1 0
task-system/internal/infrastructure/repository/task/task.repository.go:68.3,68.27 1 0
task-system/internal/infrastructure/repository/task/task.repository.go:71.2,71.29 1 0
task-system/internal/infrastructure/repository/task/task.repository.go:74.101,80.25 2 0
task-system/internal/infrastructure/repository/task/task.repository.go:80.25,82.3 1 0
task-system/internal/infrastructure/repository/task/task.repository.go:84.2,84.12 1 0
task-system/internal/infrastructure/repository/task/task.repository.go:87.95,90.25 2 0
task-system/internal/infrastructure/repository/task/task.repository.go:90.25,92.3 1 0
task-system/internal/infrastructure/repository/task/task.repository.go:94.2,94.30 1 0
task-system/internal/infrastructure/repository/task/task.repository.go:94.30,96.3 1 0
task-system/internal/infrastructure/repository/task/task.repository.go:98.2,98.12 1 0
task-system/internal/infrastructure/worker/task_consumer.go:11.58,16.6 3 0
task-system/internal/infrastructure/worker/task_consumer.go:16.6,19.17 2 0
task-system/internal/infrastructure/worker/task_consumer.go:19.17,21.12 2 0
task-system/internal/infrastructure/worker/task_consumer.go:24.3,24.32 1 0
task-system/internal/infrastructure/worker/task_status_handler.go:19.50,22.57 2 0
task-system/internal/infrastructure/worker/task_status_handler.go:22.57,25.3 2 0
task-system/internal/infrastructure/worker/task_status_handler.go:27.2,28.37 2 0
task-system/internal/infrastructure/worker/task_status_handler.go:28.37,30.3 1 0
task-system/internal/infrastructure/worker/task_status_handler.go:32.2,33.65 1 0
task-system/internal/infrastructure/web/middleware/jwt-admin.middleware.go:20.47,21.30 1 0
task-system/internal/infrastructure/web/middleware/jwt-admin.middleware.go:21.30,25.23 3 0
task-system/internal/infrastructure/web/middleware/jwt-admin.middleware.go:25.23,29.4 3 0
task-system/internal/infrastructure/web/middleware/jwt-admin.middleware.go:31.3,33.113 2 0
task-system/internal/infrastructure/web/middleware/jwt-admin.middleware.go:33.113,34.59 1 0
task-system/internal/infrastructure/web/middleware/jwt-admin.middleware.go:34.59,36.5 1 0
task-system/internal/infrastructure/web/middleware/jwt-admin.middleware.go:37.4,37.25 1 0
task-system/internal/infrastructure/web/middleware/jwt-admin.middleware.go:40.3,40.17 1 0
task-system/internal/infrastructure/web/middleware/jwt-admin.middleware.go:40.17,44.4 3 0
task-system/internal/infrastructure/web/middleware/jwt-admin.middleware.go:46.3,46.70 1 0
task-system/internal/infrastructure/web/middleware/jwt-admin.middleware.go:46.70,47.30 1 0
task-system/internal/infrastructure/web/middleware/jwt-admin.middleware.go:47.30,52.5 4 0
task-system/internal/infrastructure/web/middleware/jwt-admin.middleware.go:54.4,57.12 4 0
task-system/internal/infrastructure/web/middleware/jwt-admin.middleware.go:58.9,61.4 2 0
task-system/internal/infrastructure/web/middleware/jwt.middleware.go:20.42,21.30 1 0
task-system/internal/infrastructure/web/middleware/jwt.middleware.go:21.30,25.23 3 0
task-system/internal/infrastructure/web/middleware/jwt.middleware.go:25.23,28.4 2 0
task-system/internal/infrastructure/web/middleware/jwt.middleware.go:30.3,32.108 2 0
task-system/internal/infrastructure/web/middleware/jwt.middleware.go:32.108,33.59 1 0
task-system/internal/infrastructure/web/middleware/jwt.middleware.go:33.59,35.5 1 0
task-system/internal/infrastructure/web/middleware/jwt.middleware.go:36.4,36.25 1 0
task-system/internal/infrastructure/web/middleware/jwt.middleware.go:39.3,39.17 1 0
task-system/internal/infrastructure/web/middleware/jwt.middleware.go:39.17,42.4 2 0
task-system/internal/infrastructure/web/middleware/jwt.middleware.go:44.3,44.65 1 0
task-system/internal/infrastructure/web/middleware/jwt.middleware.go:44.65,49.4 4 0
task-system/internal/infrastructure/web/middleware/jwt.middleware.go:49.9,51.4 1 0
task-system/internal/application/app.go:31.35,44.16 4 0
task-system/internal/application/app.go:44.16,46.3 1 0
task-system/internal/application/app.go:48.2,50.16 2 0
task-system/internal/application/app.go:50.16,52.3 1 0
task-system/internal/application/app.go:54.2,64.12 6 0
task-system/internal/application/app.go:67.29,73.2 2 0
task-system/internal/application/app.go:75.109,91.2 7 0
task-system/internal/application/app.go:93.69,101.2 3 0
task-system/internal/application/app.go:103.42,105.16 2 0
task-system/internal/application/app.go:105.16,107.3 1 0
task-system/internal/application/app.go:109.2,109.12 1 0
task-system/internal/application/app.go:112.42,114.16 2 0
task-system/internal/application/app.go:114.16,116.3 1 0
task-system/internal/application/app.go:118.2,118.12 1 0
task-system/internal/application/app.go:121.39,124.16 2 0
task-system/internal/application/app.go:124.16,126.3 1 0
task-system/internal/application/app.go:128.2,130.16 2 0
task-system/internal/application/app.go:130.16,132.3 1 0
task-system/internal/application/app.go:134.2,134.12 1 0
task-system/internal/application/service/password_hasher.service.go:11.79,13.2 1 0
task-system/internal/application/service/password_hasher.service.go:15.89,17.2 1 0
task-system/internal/application/usecases/auth.usecase.go:22.39,26.2 1 0
task-system/internal/application/usecases/auth.usecase.go:28.109,31.16 2 0
task-system/internal/application/usecases/auth.usecase.go:31.16,33.3 1 0
task-system/internal/application/usecases/auth.usecase.go:35.2,38.16 3 0
task-system/internal/application/usecases/auth.usecase.go:38.16,40.3 1 0
task-system/internal/application/usecases/auth.usecase.go:42.2,44.16 2 0
task-system/internal/application/usecases/auth.usecase.go:44.16,46.3 1 0
task-system/internal/application/usecases/auth.usecase.go:48.2,48.56 1 0
task-system/internal/application/usecases/auth.usecase.go:51.80,60.2 2 0
task-system/internal/application/usecases/create_task.usecase.go:17.45,21.2 1 0
task-system/internal/application/usecases/create_task.usecase.go:23.89,33.2 3 0
task-system/internal/application/usecases/create_user.usecase.go:20.45,25.2 1 0
task-system/internal/application/usecases/create_user.usecase.go:27.89,30.16 2 0
task-system/internal/application/usecases/create_user.usecase.go:30.16,32.3 1 0
task-system/internal/application/usecases/create_user.usecase.go:34.2,43.12 3 0
task-system/internal/application/usecases/delete_task.usecase.go:16.45,20.2 1 0
task-system/internal/application/usecases/delete_task.usecase.go:22.89,26.2 2 0
task-system/internal/application/usecases/list_task.usecase.go:19.43,24.2 1 0
task-system/internal/application/usecases/list_task.usecase.go:26.105,30.2 2 0
task-system/internal/application/usecases/update_task_status.usecase.go:16.51,20.2 1 0
task-system/internal/application/usecases/update_task_status.usecase.go:22.101,26.2 2 0
task-system/internal/domain/entities/task.entity.go:22.9,31.2 2 0
task-system/internal/domain/entities/user.entity.go:18.9,27.2 2 0
task-system/internal/infrastructure/repository/task/task.repository.go:16.53,18.2 1 0
task-system/internal/infrastructure/repository/task/task.repository.go:20.85,31.25 3 0
task-system/internal/infrastructure/repository/task/task.repository.go:31.25,33.3 1 0
task-system/internal/infrastructure/repository/task/task.repository.go:35.2,35.12 1 0
task-system/internal/infrastructure/repository/task/task.repository.go:38.105,44.31 4 0
task-system/internal/infrastructure/repository/task/task.repository.go:44.31,45.24 1 0
task-system/internal/infrastructure/repository/task/task.repository.go:45.24,47.4 1 0
task-system/internal/infrastructure/repository/task/task.repository.go:49.3,49.51 1 0
task-system/internal/infrastructure/repository/task/task.repository.go:52.2,52.27 1 0
task-system/internal/infrastructure/repository/task/task.repository.go:52.27,53.24 1 0
task-system/internal/infrastructure/repository/task/task.repository.go:53.24,55.4 1 0
task-system/internal/infrastructure/repository/task/task.repository.go:57.3,57.25 1 0
task-system/internal/infrastructure/repository/task/task.repository.go:57.25,59.4 1 0
task-system/internal/infrastructure/repository/task/task.repository.go:62.2,64.25 2 0
task-system/internal/infrastructure/repository/task/task.repository.go:64.25,65.45 1 0
task-system/internal/infrastructure/repository/task/task.repository.go:65.45,67.4 1 0
task-system/internal/infrastructure/repository/task/task.repository.go:68.3,68.27 1 0
task-system/internal/infrastructure/repository/task/task.repository.go:71.2,71.29 1 0
task-system/internal/infrastructure/repository/task/task.repository.go:74.101,80.25 2 0
task-system/internal/infrastructure/repository/task/task.repository.go:80.25,82.3 1 0
task-system/internal/infrastructure/repository/task/task.repository.go:84.2,84.12 1 0
task-system/internal/infrastructure/repository/task/task.repository.go:87.95,90.25 2 0
task-system/internal/infrastructure/repository/task/task.repository.go:90.25,92.3 1 0
task-system/internal/infrastructure/repository/task/task.repository.go:94.2,94.30 1 0
task-system/internal/infrastructure/repository/task/task.repository.go:94.30,96.3 1 0
task-system/internal/infrastructure/repository/task/task.repository.go:98.2,98.12 1 0
task-system/internal/infrastructure/repository/user/user.repository.go:15.53,17.2 1 0
task-system/internal/infrastructure/repository/user/user.repository.go:19.85,30.25 3 0
task-system/internal/infrastructure/repository/user/user.repository.go:30.25,32.3 1 0
task-system/internal/infrastructure/repository/user/user.repository.go:34.2,34.12 1 0
task-system/internal/infrastructure/repository/user/user.repository.go:37.113,42.25 3 0
task-system/internal/infrastructure/repository/user/user.repository.go:42.25,43.45 1 0
task-system/internal/infrastructure/repository/user/user.repository.go:43.45,45.4 1 0
task-system/internal/infrastructure/repository/user/user.repository.go:46.3,46.27 1 0
task-system/internal/infrastructure/repository/user/user.repository.go:49.2,49.28 1 0
task-system/internal/infrastructure/repository/user/user.repository.go:52.115,57.25 3 0
task-system/internal/infrastructure/repository/user/user.repository.go:57.25,58.45 1 0
task-system/internal/infrastructure/repository/user/user.repository.go:58.45,60.4 1 0
task-system/internal/infrastructure/repository/user/user.repository.go:61.3,61.27 1 0
task-system/internal/infrastructure/repository/user/user.repository.go:64.2,64.28 1 0
task-system/internal/infrastructure/web/auth.handler.go:10.48,13.49 2 3
task-system/internal/infrastructure/web/auth.handler.go:13.49,16.3 2 1
task-system/internal/infrastructure/web/auth.handler.go:18.2,20.16 2 2
task-system/internal/infrastructure/web/auth.handler.go:20.16,23.3 2 1
task-system/internal/infrastructure/web/auth.handler.go:25.2,25.35 1 1
task-system/internal/infrastructure/web/create_task.handler.go:15.54,19.49 3 0
task-system/internal/infrastructure/web/create_task.handler.go:19.49,22.3 2 0
task-system/internal/infrastructure/web/create_task.handler.go:24.2,26.118 3 0
task-system/internal/infrastructure/web/create_task.handler.go:26.118,28.3 1 0
task-system/internal/infrastructure/web/create_task.handler.go:30.2,30.66 1 0
task-system/internal/infrastructure/web/create_task.handler.go:30.66,32.3 1 0
task-system/internal/infrastructure/web/create_task.handler.go:34.2,39.16 4 0
task-system/internal/infrastructure/web/create_task.handler.go:39.16,42.3 2 0
task-system/internal/infrastructure/web/create_task.handler.go:44.2,44.27 1 0
task-system/internal/infrastructure/web/create_user.handler.go:10.54,13.49 2 3
task-system/internal/infrastructure/web/create_user.handler.go:13.49,16.3 2 1
task-system/internal/infrastructure/web/create_user.handler.go:18.2,20.16 2 2
task-system/internal/infrastructure/web/create_user.handler.go:20.16,23.3 2 1
task-system/internal/infrastructure/web/create_user.handler.go:25.2,25.27 1 1
task-system/internal/infrastructure/web/delete_task.handler.go:11.54,14.48 2 3
task-system/internal/infrastructure/web/delete_task.handler.go:14.48,17.3 2 0
task-system/internal/infrastructure/web/delete_task.handler.go:19.2,21.16 2 3
task-system/internal/infrastructure/web/delete_task.handler.go:21.16,24.3 2 1
task-system/internal/infrastructure/web/delete_task.handler.go:26.2,26.27 1 1
task-system/internal/infrastructure/web/list_task.handler.go:15.53,23.118 6 0
task-system/internal/infrastructure/web/list_task.handler.go:23.118,25.3 1 0
task-system/internal/infrastructure/web/list_task.handler.go:27.2,27.21 1 0
task-system/internal/infrastructure/web/list_task.handler.go:27.21,29.3 1 0
task-system/internal/infrastructure/web/list_task.handler.go:31.2,31.20 1 0
task-system/internal/infrastructure/web/list_task.handler.go:31.20,33.3 1 0
task-system/internal/infrastructure/web/list_task.handler.go:35.2,35.66 1 0
task-system/internal/infrastructure/web/list_task.handler.go:35.66,38.3 2 0
task-system/internal/infrastructure/web/list_task.handler.go:40.2,42.16 2 0
task-system/internal/infrastructure/web/list_task.handler.go:42.16,45.3 2 0
task-system/internal/infrastructure/web/list_task.handler.go:47.2,47.35 1 0
task-system/internal/infrastructure/web/routes.go:9.61,11.2 1 0
task-system/internal/infrastructure/web/routes.go:11.2,13.3 2 0
task-system/internal/infrastructure/web/routes.go:13.3,18.4 4 0
task-system/internal/infrastructure/web/routes.go:21.2,23.3 2 0
task-system/internal/infrastructure/web/routes.go:23.3,25.4 1 0
task-system/internal/infrastructure/web/routes.go:28.2,30.3 2 0
task-system/internal/infrastructure/web/routes.go:30.3,32.4 1 0
task-system/internal/infrastructure/web/routes.go:35.2,35.15 1 0
task-system/internal/infrastructure/web/server.go:21.11,38.2 4 0
task-system/internal/infrastructure/web/server.go:40.46,42.2 1 0
task-system/internal/infrastructure/web/update_task_status.handler.go:26.60,30.49 3 0
task-system/internal/infrastructure/web/update_task_status.handler.go:30.49,33.3 2 0
task-system/internal/infrastructure/web/update_task_status.handler.go:35.2,37.118 3 0
task-system/internal/infrastructure/web/update_task_status.handler.go:37.118,39.3 1 0
task-system/internal/infrastructure/web/update_task_status.handler.go:41.2,41.66 1 0
task-system/internal/infrastructure/web/update_task_status.handler.go:41.66,43.3 1 0
task-system/internal/infrastructure/web/update_task_status.handler.go:45.2,50.16 4 0
task-system/internal/infrastructure/web/update_task_status.handler.go:50.16,53.3 2 0
task-system/internal/infrastructure/web/update_task_status.handler.go:55.2,57.27 2 0
task-system/internal/infrastructure/web/update_task_status.handler.go:60.85,79.2 4 0
task-system/internal/infrastructure/web/middleware/jwt-admin.middleware.go:20.47,21.30 1 0
task-system/internal/infrastructure/web/middleware/jwt-admin.middleware.go:21.30,25.23 3 0
task-system/internal/infrastructure/web/middleware/jwt-admin.middleware.go:25.23,29.4 3 0
task-system/internal/infrastructure/web/middleware/jwt-admin.middleware.go:31.3,33.113 2 0
task-system/internal/infrastructure/web/middleware/jwt-admin.middleware.go:33.113,34.59 1 0
task-system/internal/infrastructure/web/middleware/jwt-admin.middleware.go:34.59,36.5 1 0
task-system/internal/infrastructure/web/middleware/jwt-admin.middleware.go:37.4,37.25 1 0
task-system/internal/infrastructure/web/middleware/jwt-admin.middleware.go:40.3,40.17 1 0
task-system/internal/infrastructure/web/middleware/jwt-admin.middleware.go:40.17,44.4 3 0
task-system/internal/infrastructure/web/middleware/jwt-admin.middleware.go:46.3,46.70 1 0
task-system/internal/infrastructure/web/middleware/jwt-admin.middleware.go:46.70,47.30 1 0
task-system/internal/infrastructure/web/middleware/jwt-admin.middleware.go:47.30,52.5 4 0
task-system/internal/infrastructure/web/middleware/jwt-admin.middleware.go:54.4,57.12 4 0
task-system/internal/infrastructure/web/middleware/jwt-admin.middleware.go:58.9,61.4 2 0
task-system/internal/infrastructure/web/middleware/jwt.middleware.go:20.42,21.30 1 0
task-system/internal/infrastructure/web/middleware/jwt.middleware.go:21.30,25.23 3 0
task-system/internal/infrastructure/web/middleware/jwt.middleware.go:25.23,28.4 2 0
task-system/internal/infrastructure/web/middleware/jwt.middleware.go:30.3,32.108 2 0
task-system/internal/infrastructure/web/middleware/jwt.middleware.go:32.108,33.59 1 0
task-system/internal/infrastructure/web/middleware/jwt.middleware.go:33.59,35.5 1 0
task-system/internal/infrastructure/web/middleware/jwt.middleware.go:36.4,36.25 1 0
task-system/internal/infrastructure/web/middleware/jwt.middleware.go:39.3,39.17 1 0
task-system/internal/infrastructure/web/middleware/jwt.middleware.go:39.17,42.4 2 0
task-system/internal/infrastructure/web/middleware/jwt.middleware.go:44.3,44.65 1 0
task-system/internal/infrastructure/web/middleware/jwt.middleware.go:44.65,49.4 4 0
task-system/internal/infrastructure/web/middleware/jwt.middleware.go:49.9,51.4 1 0
task-system/internal/infrastructure/worker/task_consumer.go:11.58,16.6 3 0
task-system/internal/infrastructure/worker/task_consumer.go:16.6,19.17 2 0
task-system/internal/infrastructure/worker/task_consumer.go:19.17,21.12 2 0
task-system/internal/infrastructure/worker/task_consumer.go:24.3,24.32 1 0
task-system/internal/infrastructure/worker/task_status_handler.go:19.50,22.57 2 0
task-system/internal/infrastructure/worker/task_status_handler.go:22.57,25.3 2 0
task-system/internal/infrastructure/worker/task_status_handler.go:27.2,28.37 2 0
task-system/internal/infrastructure/worker/task_status_handler.go:28.37,30.3 1 0
task-system/internal/infrastructure/worker/task_status_handler.go:32.2,33.65 1 0
task-system/internal/application/app.go:31.35,44.16 4 0
task-system/internal/application/app.go:44.16,46.3 1 0
task-system/internal/application/app.go:48.2,50.16 2 0
task-system/internal/application/app.go:50.16,52.3 1 0
task-system/internal/application/app.go:54.2,64.12 6 0
task-system/internal/application/app.go:67.29,73.2 2 0
task-system/internal/application/app.go:75.109,91.2 7 0
task-system/internal/application/app.go:93.69,101.2 3 0
task-system/internal/application/app.go:103.42,105.16 2 0
task-system/internal/application/app.go:105.16,107.3 1 0
task-system/internal/application/app.go:109.2,109.12 1 0
task-system/internal/application/app.go:112.42,114.16 2 0
task-system/internal/application/app.go:114.16,116.3 1 0
task-system/internal/application/app.go:118.2,118.12 1 0
task-system/internal/application/app.go:121.39,124.16 2 0
task-system/internal/application/app.go:124.16,126.3 1 0
task-system/internal/application/app.go:128.2,130.16 2 0
task-system/internal/application/app.go:130.16,132.3 1 0
task-system/internal/application/app.go:134.2,134.12 1 0
task-system/internal/application/service/password_hasher.service.go:11.79,13.2 1 1
task-system/internal/application/service/password_hasher.service.go:15.89,17.2 1 2
task-system/internal/application/usecases/auth.usecase.go:22.39,26.2 1 0
task-system/internal/application/usecases/auth.usecase.go:28.109,31.16 2 0
task-system/internal/application/usecases/auth.usecase.go:31.16,33.3 1 0
task-system/internal/application/usecases/auth.usecase.go:35.2,38.16 3 0
task-system/internal/application/usecases/auth.usecase.go:38.16,40.3 1 0
task-system/internal/application/usecases/auth.usecase.go:42.2,44.16 2 0
task-system/internal/application/usecases/auth.usecase.go:44.16,46.3 1 0
task-system/internal/application/usecases/auth.usecase.go:48.2,48.56 1 0
task-system/internal/application/usecases/auth.usecase.go:51.80,60.2 2 0
task-system/internal/application/usecases/create_task.usecase.go:17.45,21.2 1 0
task-system/internal/application/usecases/create_task.usecase.go:23.89,33.2 3 0
task-system/internal/application/usecases/create_user.usecase.go:20.45,25.2 1 0
task-system/internal/application/usecases/create_user.usecase.go:27.89,30.16 2 0
task-system/internal/application/usecases/create_user.usecase.go:30.16,32.3 1 0
task-system/internal/application/usecases/create_user.usecase.go:34.2,43.12 3 0
task-system/internal/application/usecases/delete_task.usecase.go:16.45,20.2 1 0
task-system/internal/application/usecases/delete_task.usecase.go:22.89,26.2 2 0
task-system/internal/application/usecases/list_task.usecase.go:19.43,24.2 1 0
task-system/internal/application/usecases/list_task.usecase.go:26.105,30.2 2 0
task-system/internal/application/usecases/update_task_status.usecase.go:16.51,20.2 1 0
task-system/internal/application/usecases/update_task_status.usecase.go:22.101,26.2 2 0
task-system/internal/domain/entities/task.entity.go:22.9,31.2 2 0
task-system/internal/domain/entities/user.entity.go:18.9,27.2 2 0
task-system/internal/infrastructure/repository/task/task.repository.go:16.53,18.2 1 0
task-system/internal/infrastructure/repository/task/task.repository.go:20.85,31.25 3 0
task-system/internal/infrastructure/repository/task/task.repository.go:31.25,33.3 1 0
task-system/internal/infrastructure/repository/task/task.repository.go:35.2,35.12 1 0
task-system/internal/infrastructure/repository/task/task.repository.go:38.105,44.31 4 0
task-system/internal/infrastructure/repository/task/task.repository.go:44.31,45.24 1 0
task-system/internal/infrastructure/repository/task/task.repository.go:45.24,47.4 1 0
task-system/internal/infrastructure/repository/task/task.repository.go:49.3,49.51 1 0
task-system/internal/infrastructure/repository/task/task.repository.go:52.2,52.27 1 0
task-system/internal/infrastructure/repository/task/task.repository.go:52.27,53.24 1 0
task-system/internal/infrastructure/repository/task/task.repository.go:53.24,55.4 1 0
task-system/internal/infrastructure/repository/task/task.repository.go:57.3,57.25 1 0
task-system/internal/infrastructure/repository/task/task.repository.go:57.25,59.4 1 0
task-system/internal/infrastructure/repository/task/task.repository.go:62.2,64.25 2 0
task-system/internal/infrastructure/repository/task/task.repository.go:64.25,65.45 1 0
task-system/internal/infrastructure/repository/task/task.repository.go:65.45,67.4 1 0
task-system/internal/infrastructure/repository/task/task.repository.go:68.3,68.27 1 0
task-system/internal/infrastructure/repository/task/task.repository.go:71.2,71.29 1 0
task-system/internal/infrastructure/repository/task/task.repository.go:74.101,80.25 2 0
task-system/internal/infrastructure/repository/task/task.repository.go:80.25,82.3 1 0
task-system/internal/infrastructure/repository/task/task.repository.go:84.2,84.12 1 0
task-system/internal/infrastructure/repository/task/task.repository.go:87.95,90.25 2 0
task-system/internal/infrastructure/repository/task/task.repository.go:90.25,92.3 1 0
task-system/internal/infrastructure/repository/task/task.repository.go:94.2,94.30 1 0
task-system/internal/infrastructure/repository/task/task.repository.go:94.30,96.3 1 0
task-system/internal/infrastructure/repository/task/task.repository.go:98.2,98.12 1 0
task-system/internal/infrastructure/repository/user/user.repository.go:15.53,17.2 1 0
task-system/internal/infrastructure/repository/user/user.repository.go:19.85,30.25 3 0
task-system/internal/infrastructure/repository/user/user.repository.go:30.25,32.3 1 0
task-system/internal/infrastructure/repository/user/user.repository.go:34.2,34.12 1 0
task-system/internal/infrastructure/repository/user/user.repository.go:37.113,42.25 3 0
task-system/internal/infrastructure/repository/user/user.repository.go:42.25,43.45 1 0
task-system/internal/infrastructure/repository/user/user.repository.go:43.45,45.4 1 0
task-system/internal/infrastructure/repository/user/user.repository.go:46.3,46.27 1 0
task-system/internal/infrastructure/repository/user/user.repository.go:49.2,49.28 1 0
task-system/internal/infrastructure/repository/user/user.repository.go:52.115,57.25 3 0
task-system/internal/infrastructure/repository/user/user.repository.go:57.25,58.45 1 0
task-system/internal/infrastructure/repository/user/user.repository.go:58.45,60.4 1 0
task-system/internal/infrastructure/repository/user/user.repository.go:61.3,61.27 1 0
task-system/internal/infrastructure/repository/user/user.repository.go:64.2,64.28 1 0
task-system/internal/infrastructure/web/auth.handler.go:10.48,13.49 2 0
task-system/internal/infrastructure/web/auth.handler.go:13.49,16.3 2 0
task-system/internal/infrastructure/web/auth.handler.go:18.2,20.16 2 0
task-system/internal/infrastructure/web/auth.handler.go:20.16,23.3 2 0
task-system/internal/infrastructure/web/auth.handler.go:25.2,25.35 1 0
task-system/internal/infrastructure/web/create_task.handler.go:15.54,19.49 3 0
task-system/internal/infrastructure/web/create_task.handler.go:19.49,22.3 2 0
task-system/internal/infrastructure/web/create_task.handler.go:24.2,26.118 3 0
task-system/internal/infrastructure/web/create_task.handler.go:26.118,28.3 1 0
task-system/internal/infrastructure/web/create_task.handler.go:30.2,30.66 1 0
task-system/internal/infrastructure/web/create_task.handler.go:30.66,32.3 1 0
task-system/internal/infrastructure/web/create_task.handler.go:34.2,39.16 4 0
task-system/internal/infrastructure/web/create_task.handler.go:39.16,42.3 2 0
task-system/internal/infrastructure/web/create_task.handler.go:44.2,44.27 1 0
task-system/internal/infrastructure/web/create_user.handler.go:10.54,13.49 2 0
task-system/internal/infrastructure/web/create_user.handler.go:13.49,16.3 2 0
task-system/internal/infrastructure/web/create_user.handler.go:18.2,20.16 2 0
task-system/internal/infrastructure/web/create_user.handler.go:20.16,23.3 2 0
task-system/internal/infrastructure/web/create_user.handler.go:25.2,25.27 1 0
task-system/internal/infrastructure/web/delete_task.handler.go:11.54,14.48 2 0
task-system/internal/infrastructure/web/delete_task.handler.go:14.48,17.3 2 0
task-system/internal/infrastructure/web/delete_task.handler.go:19.2,21.16 2 0
task-system/internal/infrastructure/web/delete_task.handler.go:21.16,24.3 2 0
task-system/internal/infrastructure/web/delete_task.handler.go:26.2,26.27 1 0
task-system/internal/infrastructure/web/list_task.handler.go:15.53,23.118 6 0
task-system/internal/infrastructure/web/list_task.handler.go:23.118,25.3 1 0
task-system/internal/infrastructure/web/list_task.handler.go:27.2,27.21 1 0
task-system/internal/infrastructure/web/list_task.handler.go:27.21,29.3 1 0
task-system/internal/infrastructure/web/list_task.handler.go:31.2,31.20 1 0
task-system/internal/infrastructure/web/list_task.handler.go:31.20,33.3 1 0
task-system/internal/infrastructure/web/list_task.handler.go:35.2,35.66 1 0
task-system/internal/infrastructure/web/list_task.handler.go:35.66,38.3 2 0
task-system/internal/infrastructure/web/list_task.handler.go:40.2,42.16 2 0
task-system/internal/infrastructure/web/list_task.handler.go:42.16,45.3 2 0
task-system/internal/infrastructure/web/list_task.handler.go:47.2,47.35 1 0
task-system/internal/infrastructure/web/routes.go:9.61,11.2 1 0
task-system/internal/infrastructure/web/routes.go:11.2,13.3 2 0
task-system/internal/infrastructure/web/routes.go:13.3,18.4 4 0
task-system/internal/infrastructure/web/routes.go:21.2,23.3 2 0
task-system/internal/infrastructure/web/routes.go:23.3,25.4 1 0
task-system/internal/infrastructure/web/routes.go:28.2,30.3 2 0
task-system/internal/infrastructure/web/routes.go:30.3,32.4 1 0
task-system/internal/infrastructure/web/routes.go:35.2,35.15 1 0
task-system/internal/infrastructure/web/server.go:21.11,38.2 4 0
task-system/internal/infrastructure/web/server.go:40.46,42.2 1 0
task-system/internal/infrastructure/web/update_task_status.handler.go:26.60,30.49 3 0
task-system/internal/infrastructure/web/update_task_status.handler.go:30.49,33.3 2 0
task-system/internal/infrastructure/web/update_task_status.handler.go:35.2,37.118 3 0
task-system/internal/infrastructure/web/update_task_status.handler.go:37.118,39.3 1 0
task-system/internal/infrastructure/web/update_task_status.handler.go:41.2,41.66 1 0
task-system/internal/infrastructure/web/update_task_status.handler.go:41.66,43.3 1 0
task-system/internal/infrastructure/web/update_task_status.handler.go:45.2,50.16 4 0
task-system/internal/infrastructure/web/update_task_status.handler.go:50.16,53.3 2 0
task-system/internal/infrastructure/web/update_task_status.handler.go:55.2,57.27 2 0
task-system/internal/infrastructure/web/update_task_status.handler.go:60.85,79.2 4 0
task-system/internal/infrastructure/web/middleware/jwt-admin.middleware.go:20.47,21.30 1 0
task-system/internal/infrastructure/web/middleware/jwt-admin.middleware.go:21.30,25.23 3 0
task-system/internal/infrastructure/web/middleware/jwt-admin.middleware.go:25.23,29.4 3 0
task-system/internal/infrastructure/web/middleware/jwt-admin.middleware.go:31.3,33.113 2 0
task-system/internal/infrastructure/web/middleware/jwt-admin.middleware.go:33.113,34.59 1 0
task-system/internal/infrastructure/web/middleware/jwt-admin.middleware.go:34.59,36.5 1 0
task-system/internal/infrastructure/web/middleware/jwt-admin.middleware.go:37.4,37.25 1 0
task-system/internal/infrastructure/web/middleware/jwt-admin.middleware.go:40.3,40.17 1 0
task-system/internal/infrastructure/web/middleware/jwt-admin.middleware.go:40.17,44.4 3 0
task-system/internal/infrastructure/web/middleware/jwt-admin.middleware.go:46.3,46.70 1 0
task-system/internal/infrastructure/web/middleware/jwt-admin.middleware.go:46.70,47.30 1 0
task-system/internal/infrastructure/web/middleware/jwt-admin.middleware.go:47.30,52.5 4 0
task-system/internal/infrastructure/web/middleware/jwt-admin.middleware.go:54.4,57.12 4 0
task-system/internal/infrastructure/web/middleware/jwt-admin.middleware.go:58.9,61.4 2 0
task-system/internal/infrastructure/web/middleware/jwt.middleware.go:20.42,21.30 1 0
task-system/internal/infrastructure/web/middleware/jwt.middleware.go:21.30,25.23 3 0
task-system/internal/infrastructure/web/middleware/jwt.middleware.go:25.23,28.4 2 0
task-system/internal/infrastructure/web/middleware/jwt.middleware.go:30.3,32.108 2 0
task-system/internal/infrastructure/web/middleware/jwt.middleware.go:32.108,33.59 1 0
task-system/internal/infrastructure/web/middleware/jwt.middleware.go:33.59,35.5 1 0
task-system/internal/infrastructure/web/middleware/jwt.middleware.go:36.4,36.25 1 0
task-system/internal/infrastructure/web/middleware/jwt.middleware.go:39.3,39.17 1 0
task-system/internal/infrastructure/web/middleware/jwt.middleware.go:39.17,42.4 2 0
task-system/internal/infrastructure/web/middleware/jwt.middleware.go:44.3,44.65 1 0
task-system/internal/infrastructure/web/middleware/jwt.middleware.go:44.65,49.4 4 0
task-system/internal/infrastructure/web/middleware/jwt.middleware.go:49.9,51.4 1 0
task-system/internal/infrastructure/worker/task_consumer.go:11.58,16.6 3 0
task-system/internal/infrastructure/worker/task_consumer.go:16.6,19.17 2 0
task-system/internal/infrastructure/worker/task_consumer.go:19.17,21.12 2 0
task-system/internal/infrastructure/worker/task_consumer.go:24.3,24.32 1 0
task-system/internal/infrastructure/worker/task_status_handler.go:19.50,22.57 2 0
task-system/internal/infrastructure/worker/task_status_handler.go:22.57,25.3 2 0
task-system/internal/infrastructure/worker/task_status_handler.go:27.2,28.37 2 0
task-system/internal/infrastructure/worker/task_status_handler.go:28.37,30.3 1 0
task-system/internal/infrastructure/worker/task_status_handler.go:32.2,33.65 1 0
task-system/internal/application/app.go:31.35,44.16 4 0
task-system/internal/application/app.go:44.16,46.3 1 0
task-system/internal/application/app.go:48.2,50.16 2 0
task-system/internal/application/app.go:50.16,52.3 1 0
task-system/internal/application/app.go:54.2,64.12 6 0
task-system/internal/application/app.go:67.29,73.2 2 0
task-system/internal/application/app.go:75.109,91.2 7 0
task-system/internal/application/app.go:93.69,101.2 3 0
task-system/internal/application/app.go:103.42,105.16 2 0
task-system/internal/application/app.go:105.16,107.3 1 0
task-system/internal/application/app.go:109.2,109.12 1 0
task-system/internal/application/app.go:112.42,114.16 2 0
task-system/internal/application/app.go:114.16,116.3 1 0
task-system/internal/application/app.go:118.2,118.12 1 0
task-system/internal/application/app.go:121.39,124.16 2 0
task-system/internal/application/app.go:124.16,126.3 1 0
task-system/internal/application/app.go:128.2,130.16 2 0
task-system/internal/application/app.go:130.16,132.3 1 0
task-system/internal/application/app.go:134.2,134.12 1 0
task-system/internal/application/service/password_hasher.service.go:11.79,13.2 1 0
task-system/internal/application/service/password_hasher.service.go:15.89,17.2 1 0
task-system/internal/application/usecases/auth.usecase.go:22.39,26.2 1 1
task-system/internal/application/usecases/auth.usecase.go:28.109,31.16 2 3
task-system/internal/application/usecases/auth.usecase.go:31.16,33.3 1 1
task-system/internal/application/usecases/auth.usecase.go:35.2,38.16 3 2
task-system/internal/application/usecases/auth.usecase.go:38.16,40.3 1 1
task-system/internal/application/usecases/auth.usecase.go:42.2,44.16 2 1
task-system/internal/application/usecases/auth.usecase.go:44.16,46.3 1 0
task-system/internal/application/usecases/auth.usecase.go:48.2,48.56 1 1
task-system/internal/application/usecases/auth.usecase.go:51.80,60.2 2 1
task-system/internal/application/usecases/create_task.usecase.go:17.45,21.2 1 1
task-system/internal/application/usecases/create_task.usecase.go:23.89,33.2 3 2
task-system/internal/application/usecases/create_user.usecase.go:20.45,25.2 1 1
task-system/internal/application/usecases/create_user.usecase.go:27.89,30.16 2 3
task-system/internal/application/usecases/create_user.usecase.go:30.16,32.3 1 1
task-system/internal/application/usecases/create_user.usecase.go:34.2,43.12 3 2
task-system/internal/application/usecases/delete_task.usecase.go:16.45,20.2 1 1
task-system/internal/application/usecases/delete_task.usecase.go:22.89,26.2 2 2
task-system/internal/application/usecases/list_task.usecase.go:19.43,24.2 1 1
task-system/internal/application/usecases/list_task.usecase.go:26.105,30.2 2 2
task-system/internal/application/usecases/update_task_status.usecase.go:16.51,20.2 1 1
task-system/internal/application/usecases/update_task_status.usecase.go:22.101,26.2 2 2
task-system/internal/domain/entities/task.entity.go:22.9,31.2 2 2
task-system/internal/domain/entities/user.entity.go:18.9,27.2 2 2
task-system/internal/infrastructure/repository/task/task.repository.go:16.53,18.2 1 0
task-system/internal/infrastructure/repository/task/task.repository.go:20.85,31.25 3 0
task-system/internal/infrastructure/repository/task/task.repository.go:31.25,33.3 1 0
task-system/internal/infrastructure/repository/task/task.repository.go:35.2,35.12 1 0
task-system/internal/infrastructure/repository/task/task.repository.go:38.105,44.31 4 0
task-system/internal/infrastructure/repository/task/task.repository.go:44.31,45.24 1 0
task-system/internal/infrastructure/repository/task/task.repository.go:45.24,47.4 1 0
task-system/internal/infrastructure/repository/task/task.repository.go:49.3,49.51 1 0
task-system/internal/infrastructure/repository/task/task.repository.go:52.2,52.27 1 0
task-system/internal/infrastructure/repository/task/task.repository.go:52.27,53.24 1 0
task-system/internal/infrastructure/repository/task/task.repository.go:53.24,55.4 1 0
task-system/internal/infrastructure/repository/task/task.repository.go:57.3,57.25 1 0
task-system/internal/infrastructure/repository/task/task.repository.go:57.25,59.4 1 0
task-system/internal/infrastructure/repository/task/task.repository.go:62.2,64.25 2 0
task-system/internal/infrastructure/repository/task/task.repository.go:64.25,65.45 1 0
task-system/internal/infrastructure/repository/task/task.repository.go:65.45,67.4 1 0
task-system/internal/infrastructure/repository/task/task.repository.go:68.3,68.27 1 0
task-system/internal/infrastructure/repository/task/task.repository.go:71.2,71.29 1 0
task-system/internal/infrastructure/repository/task/task.repository.go:74.101,80.25 2 0
task-system/internal/infrastructure/repository/task/task.repository.go:80.25,82.3 1 0
task-system/internal/infrastructure/repository/task/task.repository.go:84.2,84.12 1 0
task-system/internal/infrastructure/repository/task/task.repository.go:87.95,90.25 2 0
task-system/internal/infrastructure/repository/task/task.repository.go:90.25,92.3 1 0
task-system/internal/infrastructure/repository/task/task.repository.go:94.2,94.30 1 0
task-system/internal/infrastructure/repository/task/task.repository.go:94.30,96.3 1 0
task-system/internal/infrastructure/repository/task/task.repository.go:98.2,98.12 1 0
task-system/internal/infrastructure/repository/user/user.repository.go:15.53,17.2 1 0
task-system/internal/infrastructure/repository/user/user.repository.go:19.85,30.25 3 0
task-system/internal/infrastructure/repository/user/user.repository.go:30.25,32.3 1 0
task-system/internal/infrastructure/repository/user/user.repository.go:34.2,34.12 1 0
task-system/internal/infrastructure/repository/user/user.repository.go:37.113,42.25 3 0
task-system/internal/infrastructure/repository/user/user.repository.go:42.25,43.45 1 0
task-system/internal/infrastructure/repository/user/user.repository.go:43.45,45.4 1 0
task-system/internal/infrastructure/repository/user/user.repository.go:46.3,46.27 1 0
task-system/internal/infrastructure/repository/user/user.repository.go:49.2,49.28 1 0
task-system/internal/infrastructure/repository/user/user.repository.go:52.115,57.25 3 0
task-system/internal/infrastructure/repository/user/user.repository.go:57.25,58.45 1 0
task-system/internal/infrastructure/repository/user/user.repository.go:58.45,60.4 1 0
task-system/internal/infrastructure/repository/user/user.repository.go:61.3,61.27 1 0
task-system/internal/infrastructure/repository/user/user.repository.go:64.2,64.28 1 0
task-system/internal/infrastructure/web/auth.handler.go:10.48,13.49 2 0
task-system/internal/infrastructure/web/auth.handler.go:13.49,16.3 2 0
task-system/internal/infrastructure/web/auth.handler.go:18.2,20.16 2 0
task-system/internal/infrastructure/web/auth.handler.go:20.16,23.3 2 0
task-system/internal/infrastructure/web/auth.handler.go:25.2,25.35 1 0
task-system/internal/infrastructure/web/create_task.handler.go:15.54,19.49 3 0
task-system/internal/infrastructure/web/create_task.handler.go:19.49,22.3 2 0
task-system/internal/infrastructure/web/create_task.handler.go:24.2,26.118 3 0
task-system/internal/infrastructure/web/create_task.handler.go:26.118,28.3 1 0
task-system/internal/infrastructure/web/create_task.handler.go:30.2,30.66 1 0
task-system/internal/infrastructure/web/create_task.handler.go:30.66,32.3 1 0
task-system/internal/infrastructure/web/create_task.handler.go:34.2,39.16 4 0
task-system/internal/infrastructure/web/create_task.handler.go:39.16,42.3 2 0
task-system/internal/infrastructure/web/create_task.handler.go:44.2,44.27 1 0
task-system/internal/infrastructure/web/create_user.handler.go:10.54,13.49 2 0
task-system/internal/infrastructure/web/create_user.handler.go:13.49,16.3 2 0
task-system/internal/infrastructure/web/create_user.handler.go:18.2,20.16 2 0
task-system/internal/infrastructure/web/create_user.handler.go:20.16,23.3 2 0
task-system/internal/infrastructure/web/create_user.handler.go:25.2,25.27 1 0
task-system/internal/infrastructure/web/delete_task.handler.go:11.54,14.48 2 0
task-system/internal/infrastructure/web/delete_task.handler.go:14.48,17.3 2 0
task-system/internal/infrastructure/web/delete_task.handler.go:19.2,21.16 2 0
task-system/internal/infrastructure/web/delete_task.handler.go:21.16,24.3 2 0
task-system/internal/infrastructure/web/delete_task.handler.go:26.2,26.27 1 0
task-system/internal/infrastructure/web/list_task.handler.go:15.53,23.118 6 0
task-system/internal/infrastructure/web/list_task.handler.go:23.118,25.3 1 0
task-system/internal/infrastructure/web/list_task.handler.go:27.2,27.21 1 0
task-system/internal/infrastructure/web/list_task.handler.go:27.21,29.3 1 0
task-system/internal/infrastructure/web/list_task.handler.go:31.2,31.20 1 0
task-system/internal/infrastructure/web/list_task.handler.go:31.20,33.3 1 0
task-system/internal/infrastructure/web/list_task.handler.go:35.2,35.66 1 0
task-system/internal/infrastructure/web/list_task.handler.go:35.66,38.3 2 0
task-system/internal/infrastructure/web/list_task.handler.go:40.2,42.16 2 0
task-system/internal/infrastructure/web/list_task.handler.go:42.16,45.3 2 0
task-system/internal/infrastructure/web/list_task.handler.go:47.2,47.35 1 0
task-system/internal/infrastructure/web/routes.go:9.61,11.2 1 0
task-system/internal/infrastructure/web/routes.go:11.2,13.3 2 0
task-system/internal/infrastructure/web/routes.go:13.3,18.4 4 0
task-system/internal/infrastructure/web/routes.go:21.2,23.3 2 0
task-system/internal/infrastructure/web/routes.go:23.3,25.4 1 0
task-system/internal/infrastructure/web/routes.go:28.2,30.3 2 0
task-system/internal/infrastructure/web/routes.go:30.3,32.4 1 0
task-system/internal/infrastructure/web/routes.go:35.2,35.15 1 0
task-system/internal/infrastructure/web/server.go:21.11,38.2 4 0
task-system/internal/infrastructure/web/server.go:40.46,42.2 1 0
task-system/internal/infrastructure/web/update_task_status.handler.go:26.60,30.49 3 0
task-system/internal/infrastructure/web/update_task_status.handler.go:30.49,33.3 2 0
task-system/internal/infrastructure/web/update_task_status.handler.go:35.2,37.118 3 0
task-system/internal/infrastructure/web/update_task_status.handler.go:37.118,39.3 1 0
task-system/internal/infrastructure/web/update_task_status.handler.go:41.2,41.66 1 0
task-system/internal/infrastructure/web/update_task_status.handler.go:41.66,43.3 1 0
task-system/internal/infrastructure/web/update_task_status.handler.go:45.2,50.16 4 0
task-system/internal/infrastructure/web/update_task_status.handler.go:50.16,53.3 2 0
task-system/internal/infrastructure/web/update_task_status.handler.go:55.2,57.27 2 0
task-system/internal/infrastructure/web/update_task_status.handler.go:60.85,79.2 4 0
task-system/internal/infrastructure/web/middleware/jwt-admin.middleware.go:20.47,21.30 1 0
task-system/internal/infrastructure/web/middleware/jwt-admin.middleware.go:21.30,25.23 3 0
task-system/internal/infrastructure/web/middleware/jwt-admin.middleware.go:25.23,29.4 3 0
task-system/internal/infrastructure/web/middleware/jwt-admin.middleware.go:31.3,33.113 2 0
task-system/internal/infrastructure/web/middleware/jwt-admin.middleware.go:33.113,34.59 1 0
task-system/internal/infrastructure/web/middleware/jwt-admin.middleware.go:34.59,36.5 1 0
task-system/internal/infrastructure/web/middleware/jwt-admin.middleware.go:37.4,37.25 1 0
task-system/internal/infrastructure/web/middleware/jwt-admin.middleware.go:40.3,40.17 1 0
task-system/internal/infrastructure/web/middleware/jwt-admin.middleware.go:40.17,44.4 3 0
task-system/internal/infrastructure/web/middleware/jwt-admin.middleware.go:46.3,46.70 1 0
task-system/internal/infrastructure/web/middleware/jwt-admin.middleware.go:46.70,47.30 1 0
task-system/internal/infrastructure/web/middleware/jwt-admin.middleware.go:47.30,52.5 4 0
task-system/internal/infrastructure/web/middleware/jwt-admin.middleware.go:54.4,57.12 4 0
task-system/internal/infrastructure/web/middleware/jwt-admin.middleware.go:58.9,61.4 2 0
task-system/internal/infrastructure/web/middleware/jwt.middleware.go:20.42,21.30 1 0
task-system/internal/infrastructure/web/middleware/jwt.middleware.go:21.30,25.23 3 0
task-system/internal/infrastructure/web/middleware/jwt.middleware.go:25.23,28.4 2 0
task-system/internal/infrastructure/web/middleware/jwt.middleware.go:30.3,32.108 2 0
task-system/internal/infrastructure/web/middleware/jwt.middleware.go:32.108,33.59 1 0
task-system/internal/infrastructure/web/middleware/jwt.middleware.go:33.59,35.5 1 0
task-system/internal/infrastructure/web/middleware/jwt.middleware.go:36.4,36.25 1 0
task-system/internal/infrastructure/web/middleware/jwt.middleware.go:39.3,39.17 1 0
task-system/internal/infrastructure/web/middleware/jwt.middleware.go:39.17,42.4 2 0
task-system/internal/infrastructure/web/middleware/jwt.middleware.go:44.3,44.65 1 0
task-system/internal/infrastructure/web/middleware/jwt.middleware.go:44.65,49.4 4 0
task-system/internal/infrastructure/web/middleware/jwt.middleware.go:49.9,51.4 1 0
task-system/internal/infrastructure/worker/task_consumer.go:11.58,16.6 3 0
task-system/internal/infrastructure/worker/task_consumer.go:16.6,19.17 2 0
task-system/internal/infrastructure/worker/task_consumer.go:19.17,21.12 2 0
task-system/internal/infrastructure/worker/task_consumer.go:24.3,24.32 1 0
task-system/internal/infrastructure/worker/task_status_handler.go:19.50,22.57 2 0
task-system/internal/infrastructure/worker/task_status_handler.go:22.57,25.3 2 0
task-system/internal/infrastructure/worker/task_status_handler.go:27.2,28.37 2 0
task-system/internal/infrastructure/worker/task_status_handler.go:28.37,30.3 1 0
task-system/internal/infrastructure/worker/task_status_handler.go:32.2,33.65 1 0
